<?xml version="1.0" encoding="UTF-8"?>
<!-- Generated by org.testng.reporters.JUnitReportReporter -->
<testsuite hostname="DESKTOP-MD8Q4RB" failures="0" tests="2" name="com.amazon.qa.datafiles.Xls_Reader" time="0.012" errors="0" timestamp="2020-05-19T20:10:08 IST" skipped="0">
  <testcase classname="com.amazon.qa.datafiles.Xls_Reader" name="testdata" time="0.009"/>
  <testcase classname="com.amazon.qa.datafiles.Xls_Reader" name="testdata" time="0.003"/>
</testsuite> <!-- com.amazon.qa.datafiles.Xls_Reader -->
