<?xml version="1.0" encoding="UTF-8"?>
<!-- Generated by org.testng.reporters.JUnitReportReporter -->
<testsuite hostname="DESKTOP-MD8Q4RB" failures="0" tests="3" name="com.amazon.qa.extentReport.ExtentReport4" time="20.640" errors="0" timestamp="2020-05-14T00:57:53 IST" skipped="2">
  <testcase classname="com.amazon.qa.extentReport.ExtentReport4" name="newWindow" time="20.640"/>
  <system-out/>
  <testcase classname="com.amazon.qa.extentReport.ExtentReport4" name="testi">
    <skipped/>
  </testcase> <!-- testi -->
  <system-out/>
  <testcase classname="com.amazon.qa.extentReport.ExtentReport4" name="urltest">
    <skipped/>
  </testcase> <!-- urltest -->
  <system-out/>
</testsuite> <!-- com.amazon.qa.extentReport.ExtentReport4 -->
