<?xml version="1.0" encoding="UTF-8"?>
<!-- Generated by org.testng.reporters.JUnitReportReporter -->
<testsuite hostname="DESKTOP-MD8Q4RB" failures="0" tests="1" name="com.amazon.qa.testcases.Tst" time="0.012" errors="0" timestamp="2020-05-19T16:00:32 IST" skipped="0">
  <testcase classname="com.amazon.qa.testcases.Tst" name="setup" time="0.012"/>
  <system-out/>
</testsuite> <!-- com.amazon.qa.testcases.Tst -->
